2020-12-04 09:56:58,928 - logs… - INFO - 测试报告保存位置：D:\interface-auto-test\result\report.html
2020-12-04 09:56:58,929 - logs… - INFO - ******************************TEST START*****************************
2020-12-04 09:56:59,019 - logs… - INFO - ********************测试用例：test01case_成功登陆********************
2020-12-04 09:56:59,020 - logs… - INFO - 	测试开始前准备...
2020-12-04 09:56:59,020 - logs… - INFO - 	测试进行中...
2020-12-04 09:56:59,020 - logs… - INFO - 		测试接口：/api/v1/login
2020-12-04 09:56:59,020 - logs… - INFO - 		测试数据：{"phone_num":"13812120236","password":"123456"}
2020-12-04 09:56:59,415 - logs… - INFO - 		请求返回码：<Response [200]>
2020-12-04 09:56:59,415 - logs… - INFO - 		响应码：
2020-12-04 09:56:59,415 - logs… - INFO - 			接收响应码：1
2020-12-04 09:56:59,416 - logs… - INFO - 			期望响应码：1
2020-12-04 09:56:59,416 - logs… - INFO - 		响应信息：
2020-12-04 09:56:59,416 - logs… - INFO - 			接收响应信息：success
2020-12-04 09:56:59,416 - logs… - INFO - 			期望响应信息：success
2020-12-04 09:56:59,418 - logs… - INFO - 	测试结束，输出log完结。
2020-12-04 09:56:59,418 - logs… - INFO - ********************测试用例：test01case_密码错误********************
2020-12-04 09:56:59,418 - logs… - INFO - 	测试开始前准备...
2020-12-04 09:56:59,418 - logs… - INFO - 	测试进行中...
2020-12-04 09:56:59,419 - logs… - INFO - 		测试接口：/api/v1/login
2020-12-04 09:56:59,419 - logs… - INFO - 		测试数据：{"phone_num":"13812120236","password":"#2345"}
2020-12-04 09:56:59,589 - logs… - INFO - 		请求返回码：<Response [200]>
2020-12-04 09:56:59,590 - logs… - INFO - 		响应码：
2020-12-04 09:56:59,590 - logs… - INFO - 			接收响应码：11004
2020-12-04 09:56:59,590 - logs… - INFO - 			期望响应码：11004
2020-12-04 09:56:59,590 - logs… - INFO - 		响应信息：
2020-12-04 09:56:59,590 - logs… - INFO - 			接收响应信息：账号或密码错误
2020-12-04 09:56:59,590 - logs… - INFO - 			期望响应信息：账号或密码错误
2020-12-04 09:56:59,590 - logs… - INFO - 	测试结束，输出log完结。
2020-12-04 09:56:59,591 - logs… - INFO - ********************测试用例：test01case_密码为空********************
2020-12-04 09:56:59,591 - logs… - INFO - 	测试开始前准备...
2020-12-04 09:56:59,591 - logs… - INFO - 	测试进行中...
2020-12-04 09:56:59,591 - logs… - INFO - 		测试接口：/api/v1/login
2020-12-04 09:56:59,591 - logs… - INFO - 		测试数据：{"phone_num":"13812120236","password":""}
2020-12-04 09:56:59,735 - logs… - INFO - 		请求返回码：<Response [200]>
2020-12-04 09:56:59,735 - logs… - INFO - 		响应码：
2020-12-04 09:56:59,736 - logs… - INFO - 			接收响应码：11004
2020-12-04 09:56:59,736 - logs… - INFO - 			期望响应码：11004
2020-12-04 09:56:59,736 - logs… - INFO - 		响应信息：
2020-12-04 09:56:59,736 - logs… - INFO - 			接收响应信息：账号或密码错误
2020-12-04 09:56:59,736 - logs… - INFO - 			期望响应信息：账号或密码错误
2020-12-04 09:56:59,737 - logs… - INFO - 	测试结束，输出log完结。
2020-12-04 09:56:59,737 - logs… - INFO - ********************测试用例：test02case_全部设备********************
2020-12-04 09:56:59,737 - logs… - INFO - 	测试开始前准备...
2020-12-04 09:56:59,738 - logs… - INFO - 	测试进行中...
2020-12-04 09:56:59,738 - logs… - INFO - 		测试接口：/api/v1/vm/getVMInfo
2020-12-04 09:56:59,738 - logs… - INFO - 		测试数据：{"uid":"13011418816","group_id":-1,"offset":0,"limit":10}
2020-12-04 09:56:59,838 - logs… - INFO - 		请求返回码：<Response [200]>
2020-12-04 09:56:59,839 - logs… - INFO - 		响应码：
2020-12-04 09:56:59,839 - logs… - INFO - 			接收响应码：1
2020-12-04 09:56:59,839 - logs… - INFO - 			期望响应码：1
2020-12-04 09:56:59,839 - logs… - INFO - 		响应信息：
2020-12-04 09:56:59,840 - logs… - INFO - 			接收响应信息：Ok
2020-12-04 09:56:59,840 - logs… - INFO - 			期望响应信息：Ok
2020-12-04 09:56:59,842 - logs… - INFO - 	测试结束，输出log完结。
2020-12-04 09:56:59,842 - logs… - INFO - ********************测试用例：test02case_默认群组********************
2020-12-04 09:56:59,842 - logs… - INFO - 	测试开始前准备...
2020-12-04 09:56:59,842 - logs… - INFO - 	测试进行中...
2020-12-04 09:56:59,843 - logs… - INFO - 		测试接口：/api/v1/vm/getVMInfo
2020-12-04 09:56:59,843 - logs… - INFO - 		测试数据：{"uid":"1301818816","group_id":0,"offset":0,"limit":10}
2020-12-04 09:56:59,937 - logs… - INFO - 		请求返回码：<Response [200]>
2020-12-04 09:56:59,937 - logs… - INFO - 		响应码：
2020-12-04 09:56:59,938 - logs… - INFO - 			接收响应码：1
2020-12-04 09:56:59,938 - logs… - INFO - 			期望响应码：1
2020-12-04 09:56:59,938 - logs… - INFO - 		响应信息：
2020-12-04 09:56:59,938 - logs… - INFO - 			接收响应信息：Ok
2020-12-04 09:56:59,938 - logs… - INFO - 			期望响应信息：Ok
2020-12-04 09:56:59,939 - logs… - INFO - 	测试结束，输出log完结。
2020-12-04 09:56:59,939 - logs… - INFO - ********************测试用例：test02case_自定义群组********************
2020-12-04 09:56:59,939 - logs… - INFO - 	测试开始前准备...
2020-12-04 09:56:59,939 - logs… - INFO - 	测试进行中...
2020-12-04 09:56:59,940 - logs… - INFO - 		测试接口：/api/v1/vm/getVMInfo
2020-12-04 09:56:59,940 - logs… - INFO - 		测试数据：{"uid":"14818816","group_id":1,"offset":0,"limit":10}
2020-12-04 09:57:00,043 - logs… - INFO - 		请求返回码：<Response [200]>
2020-12-04 09:57:00,044 - logs… - INFO - 		响应码：
2020-12-04 09:57:00,044 - logs… - INFO - 			接收响应码：1
2020-12-04 09:57:00,044 - logs… - INFO - 			期望响应码：2
2020-12-04 09:57:00,044 - logs… - INFO - 		响应信息：
2020-12-04 09:57:00,044 - logs… - INFO - 			接收响应信息：Ok
2020-12-04 09:57:00,044 - logs… - INFO - 			期望响应信息：Ok
2020-12-04 09:57:00,045 - logs… - INFO - 	测试结束，输出log完结。
2020-12-04 09:57:00,047 - logs… - INFO - ******************************TEST END*****************************
